==44203== Memcheck, a memory error detector
==44203== Copyright (C) 2002-2017, and GNU GPL'd, by Julian Seward et al.
==44203== Using Valgrind-3.18.1 and LibVEX; rerun with -h for copyright info
==44203== Command: ./programaTrab
==44203== Parent PID: 44156
==44203== 
==44203== Invalid read of size 1
==44203==    at 0x112162: get_nomeJogador (registro.c:168)
==44203==    by 0x10D6E5: escreverRegistro (escreveBin.c:101)
==44203==    by 0x10FDE5: inserirNovoDadoArvoreB (escreveBin.c:903)
==44203==    by 0x111AE7: main (main.c:180)
==44203==  Address 0x0 is not stack'd, malloc'd or (recently) free'd
==44203== 
==44203== 
==44203== Process terminating with default action of signal 11 (SIGSEGV)
==44203==  Access not within mapped region at address 0x0
==44203==    at 0x112162: get_nomeJogador (registro.c:168)
==44203==    by 0x10D6E5: escreverRegistro (escreveBin.c:101)
==44203==    by 0x10FDE5: inserirNovoDadoArvoreB (escreveBin.c:903)
==44203==    by 0x111AE7: main (main.c:180)
==44203==  If you believe this happened as a result of a stack
==44203==  overflow in your program's main thread (unlikely but
==44203==  possible), you can try to increase the size of the
==44203==  main thread stack using the --main-stacksize= flag.
==44203==  The main thread stack size used in this run was 8388608.
==44203== 
==44203== HEAP SUMMARY:
==44203==     in use at exit: 23,010 bytes in 27 blocks
==44203==   total heap usage: 51 allocs, 24 frees, 24,382 bytes allocated
==44203== 
==44203== 16 bytes in 1 blocks are still reachable in loss record 1 of 19
==44203==    at 0x4848899: malloc (in /usr/libexec/valgrind/vgpreload_memcheck-amd64-linux.so)
==44203==    by 0x10E863: criarListaRemovidosVazia (escreveBin.c:468)
==44203==    by 0x10E682: criarListaRemovidos (escreveBin.c:416)
==44203==    by 0x10F57B: inserirNovoDadoArvoreB (escreveBin.c:783)
==44203==    by 0x111AE7: main (main.c:180)
==44203== 
==44203== 16 bytes in 1 blocks are still reachable in loss record 2 of 19
==44203==    at 0x4848899: malloc (in /usr/libexec/valgrind/vgpreload_memcheck-amd64-linux.so)
==44203==    by 0x10EBC3: criarListaIndice (escreveBin.c:542)
==44203==    by 0x10E871: criarListaRemovidosVazia (escreveBin.c:469)
==44203==    by 0x10E682: criarListaRemovidos (escreveBin.c:416)
==44203==    by 0x10F57B: inserirNovoDadoArvoreB (escreveBin.c:783)
==44203==    by 0x111AE7: main (main.c:180)
==44203== 
==44203== 24 bytes in 1 blocks are still reachable in loss record 3 of 19
==44203==    at 0x4848899: malloc (in /usr/libexec/valgrind/vgpreload_memcheck-amd64-linux.so)
==44203==    by 0x10F596: inserirNovoDadoArvoreB (escreveBin.c:784)
==44203==    by 0x111AE7: main (main.c:180)
==44203== 
==44203== 24 bytes in 1 blocks are still reachable in loss record 4 of 19
==44203==    at 0x4848899: malloc (in /usr/libexec/valgrind/vgpreload_memcheck-amd64-linux.so)
==44203==    by 0x10F5AE: inserirNovoDadoArvoreB (escreveBin.c:788)
==44203==    by 0x111AE7: main (main.c:180)
==44203== 
==44203== 24 bytes in 1 blocks are still reachable in loss record 5 of 19
==44203==    at 0x4848899: malloc (in /usr/libexec/valgrind/vgpreload_memcheck-amd64-linux.so)
==44203==    by 0x10F5C6: inserirNovoDadoArvoreB (escreveBin.c:789)
==44203==    by 0x111AE7: main (main.c:180)
==44203== 
==44203== 24 bytes in 1 blocks are still reachable in loss record 6 of 19
==44203==    at 0x4848899: malloc (in /usr/libexec/valgrind/vgpreload_memcheck-amd64-linux.so)
==44203==    by 0x10F5DE: inserirNovoDadoArvoreB (escreveBin.c:790)
==44203==    by 0x111AE7: main (main.c:180)
==44203== 
==44203== 24 bytes in 1 blocks are still reachable in loss record 7 of 19
==44203==    at 0x4848899: malloc (in /usr/libexec/valgrind/vgpreload_memcheck-amd64-linux.so)
==44203==    by 0x10F18C: getBestFitArrayRegistros (escreveBin.c:701)
==44203==    by 0x10FBD5: inserirNovoDadoArvoreB (escreveBin.c:872)
==44203==    by 0x111AE7: main (main.c:180)
==44203== 
==44203== 32 bytes in 1 blocks are still reachable in loss record 8 of 19
==44203==    at 0x4848899: malloc (in /usr/libexec/valgrind/vgpreload_memcheck-amd64-linux.so)
==44203==    by 0x10BCFE: criarCabecalho (cabecalho.c:7)
==44203==    by 0x110DD9: getCabecalhoFromBin (interpretaBin.c:36)
==44203==    by 0x10F4D4: inserirNovoDadoArvoreB (escreveBin.c:770)
==44203==    by 0x111AE7: main (main.c:180)
==44203== 
==44203== 150 bytes in 3 blocks are definitely lost in loss record 9 of 19
==44203==    at 0x4848899: malloc (in /usr/libexec/valgrind/vgpreload_memcheck-amd64-linux.so)
==44203==    by 0x10F610: inserirNovoDadoArvoreB (escreveBin.c:794)
==44203==    by 0x111AE7: main (main.c:180)
==44203== 
==44203== 150 bytes in 3 blocks are definitely lost in loss record 10 of 19
==44203==    at 0x4848899: malloc (in /usr/libexec/valgrind/vgpreload_memcheck-amd64-linux.so)
==44203==    by 0x10F635: inserirNovoDadoArvoreB (escreveBin.c:795)
==44203==    by 0x111AE7: main (main.c:180)
==44203== 
==44203== 150 bytes in 3 blocks are definitely lost in loss record 11 of 19
==44203==    at 0x4848899: malloc (in /usr/libexec/valgrind/vgpreload_memcheck-amd64-linux.so)
==44203==    by 0x10F65A: inserirNovoDadoArvoreB (escreveBin.c:796)
==44203==    by 0x111AE7: main (main.c:180)
==44203== 
==44203== 216 bytes in 3 blocks are still reachable in loss record 12 of 19
==44203==    at 0x4848899: malloc (in /usr/libexec/valgrind/vgpreload_memcheck-amd64-linux.so)
==44203==    by 0x11201C: criarRegistro (registro.c:114)
==44203==    by 0x10F847: inserirNovoDadoArvoreB (escreveBin.c:816)
==44203==    by 0x111AE7: main (main.c:180)
==44203== 
==44203== 472 bytes in 1 blocks are still reachable in loss record 13 of 19
==44203==    at 0x4848899: malloc (in /usr/libexec/valgrind/vgpreload_memcheck-amd64-linux.so)
==44203==    by 0x48F164D: __fopen_internal (iofopen.c:65)
==44203==    by 0x48F164D: fopen@@GLIBC_2.2.5 (iofopen.c:86)
==44203==    by 0x10F43F: inserirNovoDadoArvoreB (escreveBin.c:758)
==44203==    by 0x111AE7: main (main.c:180)
==44203== 
==44203== 472 bytes in 1 blocks are still reachable in loss record 14 of 19
==44203==    at 0x4848899: malloc (in /usr/libexec/valgrind/vgpreload_memcheck-amd64-linux.so)
==44203==    by 0x48F164D: __fopen_internal (iofopen.c:65)
==44203==    by 0x48F164D: fopen@@GLIBC_2.2.5 (iofopen.c:86)
==44203==    by 0x10F45F: inserirNovoDadoArvoreB (escreveBin.c:759)
==44203==    by 0x111AE7: main (main.c:180)
==44203== 
==44203== 1,024 bytes in 1 blocks are still reachable in loss record 15 of 19
==44203==    at 0x4848899: malloc (in /usr/libexec/valgrind/vgpreload_memcheck-amd64-linux.so)
==44203==    by 0x48F0BA3: _IO_file_doallocate (filedoalloc.c:101)
==44203==    by 0x48FFCDF: _IO_doallocbuf (genops.c:347)
==44203==    by 0x48FECDB: _IO_file_underflow@@GLIBC_2.2.5 (fileops.c:485)
==44203==    by 0x48FFD95: _IO_default_uflow (genops.c:362)
==44203==    by 0x48D50CF: __vfscanf_internal (vfscanf-internal.c:628)
==44203==    by 0x48D4141: __isoc99_scanf (isoc99_scanf.c:30)
==44203==    by 0x11147A: main (main.c:26)
==44203== 
==44203== 4,000 bytes in 1 blocks are still reachable in loss record 16 of 19
==44203==    at 0x4848899: malloc (in /usr/libexec/valgrind/vgpreload_memcheck-amd64-linux.so)
==44203==    by 0x10E882: criarListaRemovidosVazia (escreveBin.c:470)
==44203==    by 0x10E682: criarListaRemovidos (escreveBin.c:416)
==44203==    by 0x10F57B: inserirNovoDadoArvoreB (escreveBin.c:783)
==44203==    by 0x111AE7: main (main.c:180)
==44203== 
==44203== 4,096 bytes in 1 blocks are still reachable in loss record 17 of 19
==44203==    at 0x4848899: malloc (in /usr/libexec/valgrind/vgpreload_memcheck-amd64-linux.so)
==44203==    by 0x48F0BA3: _IO_file_doallocate (filedoalloc.c:101)
==44203==    by 0x48FFCDF: _IO_doallocbuf (genops.c:347)
==44203==    by 0x48FCA14: _IO_file_seekoff@@GLIBC_2.2.5 (fileops.c:937)
==44203==    by 0x48F9942: fseek (fseek.c:36)
==44203==    by 0x110DF3: getCabecalhoFromBin (interpretaBin.c:37)
==44203==    by 0x10F4D4: inserirNovoDadoArvoreB (escreveBin.c:770)
==44203==    by 0x111AE7: main (main.c:180)
==44203== 
==44203== 4,096 bytes in 1 blocks are still reachable in loss record 18 of 19
==44203==    at 0x4848899: malloc (in /usr/libexec/valgrind/vgpreload_memcheck-amd64-linux.so)
==44203==    by 0x48F0BA3: _IO_file_doallocate (filedoalloc.c:101)
==44203==    by 0x48FFCDF: _IO_doallocbuf (genops.c:347)
==44203==    by 0x48FCA14: _IO_file_seekoff@@GLIBC_2.2.5 (fileops.c:937)
==44203==    by 0x48F9942: fseek (fseek.c:36)
==44203==    by 0x10C395: lerCabecalhoArvoreB (cabecalhoArvB.c:114)
==44203==    by 0x10F4EA: inserirNovoDadoArvoreB (escreveBin.c:771)
==44203==    by 0x111AE7: main (main.c:180)
==44203== 
==44203== 8,000 bytes in 1 blocks are still reachable in loss record 19 of 19
==44203==    at 0x4848899: malloc (in /usr/libexec/valgrind/vgpreload_memcheck-amd64-linux.so)
==44203==    by 0x10EBF1: criarListaIndice (escreveBin.c:545)
==44203==    by 0x10E871: criarListaRemovidosVazia (escreveBin.c:469)
==44203==    by 0x10E682: criarListaRemovidos (escreveBin.c:416)
==44203==    by 0x10F57B: inserirNovoDadoArvoreB (escreveBin.c:783)
==44203==    by 0x111AE7: main (main.c:180)
==44203== 
==44203== LEAK SUMMARY:
==44203==    definitely lost: 450 bytes in 9 blocks
==44203==    indirectly lost: 0 bytes in 0 blocks
==44203==      possibly lost: 0 bytes in 0 blocks
==44203==    still reachable: 22,560 bytes in 18 blocks
==44203==         suppressed: 0 bytes in 0 blocks
==44203== 
==44203== For lists of detected and suppressed errors, rerun with: -s
==44203== ERROR SUMMARY: 4 errors from 4 contexts (suppressed: 0 from 0)
